<?xml version="1.0" encoding="UTF-8"?>
<!-- Generated by org.testng.reporters.JUnitReportReporter -->
<testsuite skipped="0" hostname="LAPTOP-C6QJ1AJ0" name="com.inetbanking.TestCases.TC_loginTest_001" tests="1" failures="0" timestamp="12 Oct 2022 22:42:30 GMT" time="1.470" errors="0">
  <testcase name="loginTest" time="1.470" classname="com.inetbanking.TestCases.TC_loginTest_001"/>
</testsuite> <!-- com.inetbanking.TestCases.TC_loginTest_001 -->
